[0m19:58:08.173520 [debug] [MainThread]: Sending event: {'category': 'dbt', 'action': 'invocation', 'label': 'start', 'context': [<snowplow_tracker.self_describing_json.SelfDescribingJson object at 0x7a8a677330e0>, <snowplow_tracker.self_describing_json.SelfDescribingJson object at 0x7a8a69445310>, <snowplow_tracker.self_describing_json.SelfDescribingJson object at 0x7a8a6667fd90>]}


============================== 19:58:08.232069 | 546e5ca8-4f2f-480a-8df9-41274fa89c77 ==============================
[0m19:58:08.232069 [info ] [MainThread]: Running with dbt=1.11.7
[0m19:58:08.233033 [debug] [MainThread]: running dbt with arguments {'version_check': 'True', 'empty': 'None', 'printer_width': '80', 'log_path': 'logs', 'log_format': 'default', 'send_anonymous_usage_stats': 'True', 'use_experimental_parser': 'False', 'cache_selected_only': 'False', 'invocation_command': 'dbt init --skip-profile-setup airbnb', 'quiet': 'False', 'introspect': 'True', 'use_colors': 'True', 'static_parser': 'True', 'indirect_selection': 'eager', 'partial_parse': 'True', 'debug': 'False', 'profiles_dir': '/home/sunny/.dbt', 'warn_error': 'None', 'target_path': 'None', 'fail_fast': 'False', 'no_print': 'None', 'log_cache_events': 'False', 'write_json': 'True', 'warn_error_options': 'WarnErrorOptionsV2(error=[], warn=[], silence=[])'}
[0m19:58:08.342290 [info ] [MainThread]: Creating dbt configuration folder at /home/sunny/.dbt
[0m19:58:08.346828 [debug] [MainThread]: Starter project path: /home/sunny/Documents/code_spaces/dbt_snowflake/udemy-dbt-bootcamp/.venv/lib/python3.13/site-packages/dbt/include/starter_project
[0m19:58:08.355078 [info ] [MainThread]: 
Your new dbt project "airbnb" was created!

For more information on how to configure the profiles.yml file,
please consult the dbt documentation here:

  https://docs.getdbt.com/docs/configure-your-profile

One more thing:

Need help? Don't hesitate to reach out to us via GitHub issues or on Slack:

  https://community.getdbt.com/

Happy modeling!

[0m19:58:08.363279 [debug] [MainThread]: Resource report: {"command_name": "init", "command_success": true, "command_wall_clock_time": 0.30195314, "process_in_blocks": "5152", "process_kernel_time": 0.356245, "process_mem_max_rss": "128956", "process_out_blocks": "33776", "process_user_time": 4.333826}
[0m19:58:08.365167 [debug] [MainThread]: Command `dbt init` succeeded at 19:58:08.364785 after 0.31 seconds
[0m19:58:08.366483 [debug] [MainThread]: Sending event: {'category': 'dbt', 'action': 'invocation', 'label': 'end', 'context': [<snowplow_tracker.self_describing_json.SelfDescribingJson object at 0x7a8a666be3f0>, <snowplow_tracker.self_describing_json.SelfDescribingJson object at 0x7a8a6659ccb0>, <snowplow_tracker.self_describing_json.SelfDescribingJson object at 0x7a8a667afac0>]}
[0m19:58:08.367975 [debug] [MainThread]: Flushing usage events
[0m19:58:08.528985 [debug] [MainThread]: An error was encountered while trying to flush usage events
